#@ # 
#@ # Running lc_shell Version O-2018.06 for linux64 -- May 31, 2018
#@ # Date:   Mon Jan  4 22:01:33 2021
#@ # Run by: vsd2001@vlsicad8
#@ 

read_lib layer3_sram_BC.lib
write_lib layer3_sram_BC -format db - output layer3_sram_BC.db
write_lib layer3_sram_BC -format db -output layer3_sram_BC.db
read_lib layer3_sram_TC.lib
write_lib layer3_sram_BC -format db -output layer3_sram_TC.db
write_lib layer3_sram_TC -format db -output layer3_sram_TC.db
read_lib layer3_sram_BC.lib
write_lib layer3_sram_BC -format db -output layer3_sram_BC.db
read_lib layer3_sram_WC.lib
write_lib layer3_sram_WC -format db -output layer3_sram_WC.db
read_lib layer4_sram_BC.lib
write_lib layer4_sram_BC -format db -output layer4_sram_BC.db
read_lib layer4_sram_TC.lib
write_lib layer4_sram_TC -format db -output layer4_sram_TC.db
read_lib layer4_sram_WC.lib
write_lib layer4_sram_WC -format db -output layer4_sram_WC.db
read_lib layer5_sram_BC.lib
write_lib layer5_sram_BC -format db -output layer5_sram_BC.db
read_lib layer5_sram_TC.lib
write_lib layer5_sram_TC -format db -output layer5_sram_TC.db
read_lib layer5_sram_WC.lib
write_lib layer5_sram_WC -format db -output layer5_sram_WC.db
read_lib layer6_sram_BC.lib
write_lib layer6_sram_BC -format db -output layer6_sram_BC.db
read_lib layer6_sram_TC.lib
write_lib layer6_sram_TC -format db -output layer6_sram_TC.db
read_lib layer6_sram_WC.lib
write_lib layer6_sram_WC -format db -output layer6_sram_WC.db
read_lib pixel_sram_BC.lib
write_lib pixel_sram_BC -format db -output pixel_sram_BC.db
read_lib pixel_sram_TC.lib
write_lib pixel_sram_TC -format db -output pixel_sram_TC.db
read_lib pixel_sram_WC.lib
write_lib pixel_sram_WC -format db -output pixel_sram_WC.db
read_lib weight_sram_BC.lib
write_lib weight_sram_BC -format db -output weight_sram_BC.db
read_lib weight_sram_TC.lib
write_lib pixel_sram_TC -format db -output weight_sram_TC.db
write_lib weight_sram_TC -format db -output weight_sram_TC.db
read_lib weight_sram_WC.lib
write_lib weight_sram_WC -format db -output weight_sram_WC.db
read_lib layer2_sram_BC.lib
write_lib layer2_sram_BC -format db -output layer2_sram_BC.db
read_lib layer2_sram_TC.lib
write_lib layer2_sram_TC -format db -output layer2_sram_TC.db
read_lib layer2_sram_WC.lib
write_lib layer2_sram_WC -format db -output layer2_sram_WC.db
